2023-05-10 16:01:46,700 [Worker-8: Loading available Gradle versions] INFO  o.e.b.c.i.u.g.PublishedGradleVersions - Gradle version information cache is up-to-date. Trying to read.
2023-05-10 16:02:16,863 [Worker-8: Importing Maven projects] INFO  o.e.m.c.i.l.LifecycleMappingFactory - Using org.eclipse.m2e.jdt.JarLifecycleMapping lifecycle mapping for MavenProject: com.newDev:emp-sys-api:0.0.1-SNAPSHOT @ D:\emp-sys-api\pom.xml.
2023-05-10 16:02:21,601 [Worker-8: Importing Maven projects] INFO  o.e.m.j.i.AbstractJavaProjectConfigurator - Adding source folder /emp-sys-api/src/main/java
2023-05-10 16:02:21,602 [Worker-8: Importing Maven projects] INFO  o.e.m.j.i.AbstractJavaProjectConfigurator - Adding resource folder /emp-sys-api/src/main/resources
2023-05-10 16:02:21,602 [Worker-8: Importing Maven projects] INFO  o.e.m.j.i.AbstractJavaProjectConfigurator - Adding resource folder /emp-sys-api/src/main/resources
2023-05-10 16:02:21,603 [Worker-8: Importing Maven projects] INFO  o.e.m.j.i.AbstractJavaProjectConfigurator - Adding source folder /emp-sys-api/src/test/java
2023-05-10 16:02:21,872 [Worker-8: Importing Maven projects] INFO  o.e.m.c.i.p.ProjectConfigurationManager - Imported and configured 1 project(s) in 8 sec
2023-05-10 16:02:22,119 [Worker-5: Updating Maven Project] INFO  o.e.m.c.i.p.ProjectConfigurationManager - Update started
2023-05-10 16:02:22,466 [Worker-5: Updating Maven Project] INFO  o.e.m.c.i.l.LifecycleMappingFactory - Using org.eclipse.m2e.jdt.JarLifecycleMapping lifecycle mapping for MavenProject: com.newDev:emp-sys-api:0.0.1-SNAPSHOT @ D:\emp-sys-api\pom.xml.
2023-05-10 16:02:22,929 [Worker-5: Updating Maven Project] INFO  o.e.m.j.i.AbstractJavaProjectConfigurator - Adding source folder /emp-sys-api/src/main/java
2023-05-10 16:02:22,930 [Worker-5: Updating Maven Project] INFO  o.e.m.j.i.AbstractJavaProjectConfigurator - Adding resource folder /emp-sys-api/src/main/resources
2023-05-10 16:02:22,930 [Worker-5: Updating Maven Project] INFO  o.e.m.j.i.AbstractJavaProjectConfigurator - Adding resource folder /emp-sys-api/src/main/resources
2023-05-10 16:02:22,930 [Worker-5: Updating Maven Project] INFO  o.e.m.j.i.AbstractJavaProjectConfigurator - Adding source folder /emp-sys-api/src/test/java
2023-05-10 16:02:23,216 [Worker-5: Updating Maven Project] INFO  o.e.m.c.i.p.ProjectConfigurationManager - Update completed for 1 poms: local refresh takes 0.00 sec, refresh facades takes 0.00 sec, update config takes 0.00 sec 
2023-05-10 16:05:17,148 [Worker-7: Launching Executing install in D__emp-sys-api] INFO  o.eclipse.m2e.core.internal.Bundles - getClasspathEntries(Bundle=org.eclipse.m2e.maven.runtime_3.8.604.20221130-2149 [345])
2023-05-10 16:05:17,156 [Worker-7: Launching Executing install in D__emp-sys-api] INFO  o.eclipse.m2e.core.internal.Bundles - 	Entry: C:\Users\techp\OneDrive\Desktop\sts-4.17.0.RELEASE\plugins\org.eclipse.m2e.maven.runtime_3.8.604.20221130-2149
2023-05-10 16:05:17,157 [Worker-7: Launching Executing install in D__emp-sys-api] INFO  o.eclipse.m2e.core.internal.Bundles - 	Entry: C:\Users\techp\OneDrive\Desktop\sts-4.17.0.RELEASE\plugins\org.eclipse.m2e.maven.runtime_3.8.604.20221130-2149\jars\aether-connector-okhttp-0.17.8.jar
2023-05-10 16:05:17,157 [Worker-7: Launching Executing install in D__emp-sys-api] INFO  o.eclipse.m2e.core.internal.Bundles - 	Entry: C:\Users\techp\OneDrive\Desktop\sts-4.17.0.RELEASE\plugins\org.eclipse.m2e.maven.runtime_3.8.604.20221130-2149\jars\commons-cli-1.4.jar
2023-05-10 16:05:17,157 [Worker-7: Launching Executing install in D__emp-sys-api] INFO  o.eclipse.m2e.core.internal.Bundles - 	Entry: C:\Users\techp\OneDrive\Desktop\sts-4.17.0.RELEASE\plugins\org.eclipse.m2e.maven.runtime_3.8.604.20221130-2149\jars\commons-io-2.6.jar
2023-05-10 16:05:17,157 [Worker-7: Launching Executing install in D__emp-sys-api] INFO  o.eclipse.m2e.core.internal.Bundles - 	Entry: C:\Users\techp\OneDrive\Desktop\sts-4.17.0.RELEASE\plugins\org.eclipse.m2e.maven.runtime_3.8.604.20221130-2149\jars\commons-lang3-3.8.1.jar
2023-05-10 16:05:17,157 [Worker-7: Launching Executing install in D__emp-sys-api] INFO  o.eclipse.m2e.core.internal.Bundles - 	Entry: C:\Users\techp\OneDrive\Desktop\sts-4.17.0.RELEASE\plugins\org.eclipse.m2e.maven.runtime_3.8.604.20221130-2149\jars\guice-4.2.2-no_aop.jar
2023-05-10 16:05:17,157 [Worker-7: Launching Executing install in D__emp-sys-api] INFO  o.eclipse.m2e.core.internal.Bundles - 	Entry: C:\Users\techp\OneDrive\Desktop\sts-4.17.0.RELEASE\plugins\org.eclipse.m2e.maven.runtime_3.8.604.20221130-2149\jars\jansi-2.4.0.jar
2023-05-10 16:05:17,157 [Worker-7: Launching Executing install in D__emp-sys-api] INFO  o.eclipse.m2e.core.internal.Bundles - 	Entry: C:\Users\techp\OneDrive\Desktop\sts-4.17.0.RELEASE\plugins\org.eclipse.m2e.maven.runtime_3.8.604.20221130-2149\jars\maven-artifact-3.8.6.jar
2023-05-10 16:05:17,158 [Worker-7: Launching Executing install in D__emp-sys-api] INFO  o.eclipse.m2e.core.internal.Bundles - 	Entry: C:\Users\techp\OneDrive\Desktop\sts-4.17.0.RELEASE\plugins\org.eclipse.m2e.maven.runtime_3.8.604.20221130-2149\jars\maven-builder-support-3.8.6.jar
2023-05-10 16:05:17,158 [Worker-7: Launching Executing install in D__emp-sys-api] INFO  o.eclipse.m2e.core.internal.Bundles - 	Entry: C:\Users\techp\OneDrive\Desktop\sts-4.17.0.RELEASE\plugins\org.eclipse.m2e.maven.runtime_3.8.604.20221130-2149\jars\maven-compat-3.8.6.jar
2023-05-10 16:05:17,158 [Worker-7: Launching Executing install in D__emp-sys-api] INFO  o.eclipse.m2e.core.internal.Bundles - 	Entry: C:\Users\techp\OneDrive\Desktop\sts-4.17.0.RELEASE\plugins\org.eclipse.m2e.maven.runtime_3.8.604.20221130-2149\jars\maven-core-3.8.6.jar
2023-05-10 16:05:17,158 [Worker-7: Launching Executing install in D__emp-sys-api] INFO  o.eclipse.m2e.core.internal.Bundles - 	Entry: C:\Users\techp\OneDrive\Desktop\sts-4.17.0.RELEASE\plugins\org.eclipse.m2e.maven.runtime_3.8.604.20221130-2149\jars\maven-embedder-3.8.6.jar
2023-05-10 16:05:17,158 [Worker-7: Launching Executing install in D__emp-sys-api] INFO  o.eclipse.m2e.core.internal.Bundles - 	Entry: C:\Users\techp\OneDrive\Desktop\sts-4.17.0.RELEASE\plugins\org.eclipse.m2e.maven.runtime_3.8.604.20221130-2149\jars\maven-model-3.8.6.jar
2023-05-10 16:05:17,158 [Worker-7: Launching Executing install in D__emp-sys-api] INFO  o.eclipse.m2e.core.internal.Bundles - 	Entry: C:\Users\techp\OneDrive\Desktop\sts-4.17.0.RELEASE\plugins\org.eclipse.m2e.maven.runtime_3.8.604.20221130-2149\jars\maven-model-builder-3.8.6.jar
2023-05-10 16:05:17,158 [Worker-7: Launching Executing install in D__emp-sys-api] INFO  o.eclipse.m2e.core.internal.Bundles - 	Entry: C:\Users\techp\OneDrive\Desktop\sts-4.17.0.RELEASE\plugins\org.eclipse.m2e.maven.runtime_3.8.604.20221130-2149\jars\maven-plugin-api-3.8.6.jar
2023-05-10 16:05:17,158 [Worker-7: Launching Executing install in D__emp-sys-api] INFO  o.eclipse.m2e.core.internal.Bundles - 	Entry: C:\Users\techp\OneDrive\Desktop\sts-4.17.0.RELEASE\plugins\org.eclipse.m2e.maven.runtime_3.8.604.20221130-2149\jars\maven-repository-metadata-3.8.6.jar
2023-05-10 16:05:17,158 [Worker-7: Launching Executing install in D__emp-sys-api] INFO  o.eclipse.m2e.core.internal.Bundles - 	Entry: C:\Users\techp\OneDrive\Desktop\sts-4.17.0.RELEASE\plugins\org.eclipse.m2e.maven.runtime_3.8.604.20221130-2149\jars\maven-resolver-api-1.6.3.jar
2023-05-10 16:05:17,159 [Worker-7: Launching Executing install in D__emp-sys-api] INFO  o.eclipse.m2e.core.internal.Bundles - 	Entry: C:\Users\techp\OneDrive\Desktop\sts-4.17.0.RELEASE\plugins\org.eclipse.m2e.maven.runtime_3.8.604.20221130-2149\jars\maven-resolver-connector-basic-1.6.3.jar
2023-05-10 16:05:17,159 [Worker-7: Launching Executing install in D__emp-sys-api] INFO  o.eclipse.m2e.core.internal.Bundles - 	Entry: C:\Users\techp\OneDrive\Desktop\sts-4.17.0.RELEASE\plugins\org.eclipse.m2e.maven.runtime_3.8.604.20221130-2149\jars\maven-resolver-impl-1.6.3.jar
2023-05-10 16:05:17,159 [Worker-7: Launching Executing install in D__emp-sys-api] INFO  o.eclipse.m2e.core.internal.Bundles - 	Entry: C:\Users\techp\OneDrive\Desktop\sts-4.17.0.RELEASE\plugins\org.eclipse.m2e.maven.runtime_3.8.604.20221130-2149\jars\maven-resolver-provider-3.8.6.jar
2023-05-10 16:05:17,159 [Worker-7: Launching Executing install in D__emp-sys-api] INFO  o.eclipse.m2e.core.internal.Bundles - 	Entry: C:\Users\techp\OneDrive\Desktop\sts-4.17.0.RELEASE\plugins\org.eclipse.m2e.maven.runtime_3.8.604.20221130-2149\jars\maven-resolver-spi-1.6.3.jar
2023-05-10 16:05:17,159 [Worker-7: Launching Executing install in D__emp-sys-api] INFO  o.eclipse.m2e.core.internal.Bundles - 	Entry: C:\Users\techp\OneDrive\Desktop\sts-4.17.0.RELEASE\plugins\org.eclipse.m2e.maven.runtime_3.8.604.20221130-2149\jars\maven-resolver-transport-wagon-1.6.3.jar
2023-05-10 16:05:17,159 [Worker-7: Launching Executing install in D__emp-sys-api] INFO  o.eclipse.m2e.core.internal.Bundles - 	Entry: C:\Users\techp\OneDrive\Desktop\sts-4.17.0.RELEASE\plugins\org.eclipse.m2e.maven.runtime_3.8.604.20221130-2149\jars\maven-resolver-util-1.6.3.jar
2023-05-10 16:05:17,159 [Worker-7: Launching Executing install in D__emp-sys-api] INFO  o.eclipse.m2e.core.internal.Bundles - 	Entry: C:\Users\techp\OneDrive\Desktop\sts-4.17.0.RELEASE\plugins\org.eclipse.m2e.maven.runtime_3.8.604.20221130-2149\jars\maven-settings-3.8.6.jar
2023-05-10 16:05:17,159 [Worker-7: Launching Executing install in D__emp-sys-api] INFO  o.eclipse.m2e.core.internal.Bundles - 	Entry: C:\Users\techp\OneDrive\Desktop\sts-4.17.0.RELEASE\plugins\org.eclipse.m2e.maven.runtime_3.8.604.20221130-2149\jars\maven-settings-builder-3.8.6.jar
2023-05-10 16:05:17,159 [Worker-7: Launching Executing install in D__emp-sys-api] INFO  o.eclipse.m2e.core.internal.Bundles - 	Entry: C:\Users\techp\OneDrive\Desktop\sts-4.17.0.RELEASE\plugins\org.eclipse.m2e.maven.runtime_3.8.604.20221130-2149\jars\maven-shared-utils-3.3.4.jar
2023-05-10 16:05:17,159 [Worker-7: Launching Executing install in D__emp-sys-api] INFO  o.eclipse.m2e.core.internal.Bundles - 	Entry: C:\Users\techp\OneDrive\Desktop\sts-4.17.0.RELEASE\plugins\org.eclipse.m2e.maven.runtime_3.8.604.20221130-2149\jars\okhttp-3.14.1.jar
2023-05-10 16:05:17,159 [Worker-7: Launching Executing install in D__emp-sys-api] INFO  o.eclipse.m2e.core.internal.Bundles - 	Entry: C:\Users\techp\OneDrive\Desktop\sts-4.17.0.RELEASE\plugins\org.eclipse.m2e.maven.runtime_3.8.604.20221130-2149\jars\okio-1.17.3.jar
2023-05-10 16:05:17,160 [Worker-7: Launching Executing install in D__emp-sys-api] INFO  o.eclipse.m2e.core.internal.Bundles - 	Entry: C:\Users\techp\OneDrive\Desktop\sts-4.17.0.RELEASE\plugins\org.eclipse.m2e.maven.runtime_3.8.604.20221130-2149\jars\org.eclipse.sisu.inject-0.3.5.jar
2023-05-10 16:05:17,160 [Worker-7: Launching Executing install in D__emp-sys-api] INFO  o.eclipse.m2e.core.internal.Bundles - 	Entry: C:\Users\techp\OneDrive\Desktop\sts-4.17.0.RELEASE\plugins\org.eclipse.m2e.maven.runtime_3.8.604.20221130-2149\jars\org.eclipse.sisu.plexus-0.3.5.jar
2023-05-10 16:05:17,160 [Worker-7: Launching Executing install in D__emp-sys-api] INFO  o.eclipse.m2e.core.internal.Bundles - 	Entry: C:\Users\techp\OneDrive\Desktop\sts-4.17.0.RELEASE\plugins\org.eclipse.m2e.maven.runtime_3.8.604.20221130-2149\jars\plexus-build-api-0.0.7.jar
2023-05-10 16:05:17,160 [Worker-7: Launching Executing install in D__emp-sys-api] INFO  o.eclipse.m2e.core.internal.Bundles - 	Entry: C:\Users\techp\OneDrive\Desktop\sts-4.17.0.RELEASE\plugins\org.eclipse.m2e.maven.runtime_3.8.604.20221130-2149\jars\plexus-cipher-2.0.jar
2023-05-10 16:05:17,160 [Worker-7: Launching Executing install in D__emp-sys-api] INFO  o.eclipse.m2e.core.internal.Bundles - 	Entry: C:\Users\techp\OneDrive\Desktop\sts-4.17.0.RELEASE\plugins\org.eclipse.m2e.maven.runtime_3.8.604.20221130-2149\jars\plexus-classworlds-2.6.0.jar
2023-05-10 16:05:17,160 [Worker-7: Launching Executing install in D__emp-sys-api] INFO  o.eclipse.m2e.core.internal.Bundles - 	Entry: C:\Users\techp\OneDrive\Desktop\sts-4.17.0.RELEASE\plugins\org.eclipse.m2e.maven.runtime_3.8.604.20221130-2149\jars\plexus-component-annotations-2.1.0.jar
2023-05-10 16:05:17,160 [Worker-7: Launching Executing install in D__emp-sys-api] INFO  o.eclipse.m2e.core.internal.Bundles - 	Entry: C:\Users\techp\OneDrive\Desktop\sts-4.17.0.RELEASE\plugins\org.eclipse.m2e.maven.runtime_3.8.604.20221130-2149\jars\plexus-interpolation-1.26.jar
2023-05-10 16:05:17,160 [Worker-7: Launching Executing install in D__emp-sys-api] INFO  o.eclipse.m2e.core.internal.Bundles - 	Entry: C:\Users\techp\OneDrive\Desktop\sts-4.17.0.RELEASE\plugins\org.eclipse.m2e.maven.runtime_3.8.604.20221130-2149\jars\plexus-sec-dispatcher-2.0.jar
2023-05-10 16:05:17,160 [Worker-7: Launching Executing install in D__emp-sys-api] INFO  o.eclipse.m2e.core.internal.Bundles - 	Entry: C:\Users\techp\OneDrive\Desktop\sts-4.17.0.RELEASE\plugins\org.eclipse.m2e.maven.runtime_3.8.604.20221130-2149\jars\plexus-utils-3.3.1.jar
2023-05-10 16:05:17,160 [Worker-7: Launching Executing install in D__emp-sys-api] INFO  o.eclipse.m2e.core.internal.Bundles - 	Entry: C:\Users\techp\OneDrive\Desktop\sts-4.17.0.RELEASE\plugins\org.eclipse.m2e.maven.runtime_3.8.604.20221130-2149\jars\wagon-file-3.5.1.jar
2023-05-10 16:05:17,161 [Worker-7: Launching Executing install in D__emp-sys-api] INFO  o.eclipse.m2e.core.internal.Bundles - 	Entry: C:\Users\techp\OneDrive\Desktop\sts-4.17.0.RELEASE\plugins\org.eclipse.m2e.maven.runtime_3.8.604.20221130-2149\jars\wagon-provider-api-3.5.1.jar
2023-05-10 16:05:17,162 [Worker-7: Launching Executing install in D__emp-sys-api] INFO  o.eclipse.m2e.core.internal.Bundles - getClasspathEntries(Bundle=com.google.guava_30.1.0.v20221112-0806 [22])
2023-05-10 16:05:17,164 [Worker-7: Launching Executing install in D__emp-sys-api] INFO  o.eclipse.m2e.core.internal.Bundles - 	Entry: C:\Users\techp\OneDrive\Desktop\sts-4.17.0.RELEASE\plugins\com.google.guava_30.1.0.v20221112-0806.jar
2023-05-10 16:05:17,164 [Worker-7: Launching Executing install in D__emp-sys-api] INFO  o.eclipse.m2e.core.internal.Bundles - getClasspathEntries(Bundle=slf4j.api_1.7.36 [584])
2023-05-10 16:05:17,165 [Worker-7: Launching Executing install in D__emp-sys-api] INFO  o.eclipse.m2e.core.internal.Bundles - 	Entry: C:\Users\techp\OneDrive\Desktop\sts-4.17.0.RELEASE\plugins\slf4j.api_1.7.36.jar
2023-05-10 16:05:17,165 [Worker-7: Launching Executing install in D__emp-sys-api] INFO  o.eclipse.m2e.core.internal.Bundles - getClasspathEntries(Bundle=javax.inject_1.0.0.v20220405-0441 [49])
2023-05-10 16:05:17,166 [Worker-7: Launching Executing install in D__emp-sys-api] INFO  o.eclipse.m2e.core.internal.Bundles - 	Entry: C:\Users\techp\OneDrive\Desktop\sts-4.17.0.RELEASE\plugins\javax.inject_1.0.0.v20220405-0441.jar
2023-05-10 16:05:17,166 [Worker-7: Launching Executing install in D__emp-sys-api] INFO  o.eclipse.m2e.core.internal.Bundles - getClasspathEntries(Bundle=javax.annotation_1.3.5.v20221112-0806 [47])
2023-05-10 16:05:17,167 [Worker-7: Launching Executing install in D__emp-sys-api] INFO  o.eclipse.m2e.core.internal.Bundles - 	Entry: C:\Users\techp\OneDrive\Desktop\sts-4.17.0.RELEASE\plugins\javax.annotation_1.3.5.v20221112-0806.jar
2023-05-10 16:05:17,171 [Worker-7: Launching Executing install in D__emp-sys-api] INFO  o.e.m.i.launch.MavenLaunchDelegate - Run build in "D:\emp-sys-api":
2023-05-10 16:05:17,175 [Worker-7: Launching Executing install in D__emp-sys-api] INFO  o.e.m.i.launch.MavenLaunchDelegate -  mvn  -B -Dstyle.color=always install
2023-05-10 17:34:47,473 [Worker-1: Loading available Gradle versions] INFO  o.e.b.c.i.u.g.PublishedGradleVersions - Gradle version information cache is up-to-date. Trying to read.
2023-05-10 18:15:42,567 [Worker-8: Building] INFO  o.a.m.s.f.DefaultMavenResourcesFiltering - Copying 1 resource from src\main\resources to target\classes
2023-05-10 18:15:42,583 [Worker-8: Building] INFO  o.a.m.s.f.DefaultMavenResourcesFiltering - Copying 0 resource from src\main\resources to target\classes
2023-05-10 18:15:42,586 [Worker-8: Building] INFO  o.a.m.s.f.DefaultMavenResourcesFiltering - skip non existing resourceDirectory D:\emp-sys-api\src\test\resources
2023-05-10 18:16:24,922 [Worker-13: Building] INFO  o.a.m.s.f.DefaultMavenResourcesFiltering - Copying 1 resource from src\main\resources to target\classes
2023-05-10 18:16:24,940 [Worker-13: Building] INFO  o.a.m.s.f.DefaultMavenResourcesFiltering - Copying 0 resource from src\main\resources to target\classes
2023-05-10 18:16:24,943 [Worker-13: Building] INFO  o.a.m.s.f.DefaultMavenResourcesFiltering - skip non existing resourceDirectory D:\emp-sys-api\src\test\resources
2023-05-11 18:14:14,223 [Worker-1: Loading available Gradle versions] INFO  o.e.b.c.i.u.g.PublishedGradleVersions - Gradle version information cache is out-of-date. Trying to update.
2023-05-11 18:16:28,670 [Worker-4: Building] INFO  o.a.m.s.f.DefaultMavenResourcesFiltering - Copying 1 resource from src\main\resources to target\classes
2023-05-11 18:16:28,690 [Worker-4: Building] INFO  o.a.m.s.f.DefaultMavenResourcesFiltering - Copying 0 resource from src\main\resources to target\classes
2023-05-11 18:16:28,693 [Worker-4: Building] INFO  o.a.m.s.f.DefaultMavenResourcesFiltering - skip non existing resourceDirectory D:\emp-sys-api\src\test\resources
2023-05-11 18:16:30,313 [Worker-0: Building] INFO  o.a.m.s.f.DefaultMavenResourcesFiltering - Copying 1 resource from src\main\resources to target\classes
2023-05-11 18:16:30,318 [Worker-0: Building] INFO  o.a.m.s.f.DefaultMavenResourcesFiltering - Copying 0 resource from src\main\resources to target\classes
2023-05-11 18:16:30,322 [Worker-0: Building] INFO  o.a.m.s.f.DefaultMavenResourcesFiltering - skip non existing resourceDirectory D:\emp-sys-api\src\test\resources
2023-05-11 18:17:50,432 [Worker-9: Building] INFO  o.a.m.s.f.DefaultMavenResourcesFiltering - Copying 1 resource from src\main\resources to target\classes
2023-05-11 18:17:50,438 [Worker-9: Building] INFO  o.a.m.s.f.DefaultMavenResourcesFiltering - Copying 0 resource from src\main\resources to target\classes
2023-05-11 18:17:50,439 [Worker-9: Building] INFO  o.a.m.s.f.DefaultMavenResourcesFiltering - skip non existing resourceDirectory D:\emp-sys-api\src\test\resources
2023-05-11 18:17:58,554 [Worker-1: Building] INFO  o.a.m.s.f.DefaultMavenResourcesFiltering - Copying 1 resource from src\main\resources to target\classes
2023-05-11 18:17:58,557 [Worker-1: Building] INFO  o.a.m.s.f.DefaultMavenResourcesFiltering - Copying 0 resource from src\main\resources to target\classes
2023-05-11 18:17:58,559 [Worker-1: Building] INFO  o.a.m.s.f.DefaultMavenResourcesFiltering - skip non existing resourceDirectory D:\emp-sys-api\src\test\resources
2023-05-11 18:18:43,813 [Worker-4: Building] INFO  o.a.m.s.f.DefaultMavenResourcesFiltering - Copying 1 resource from src\main\resources to target\classes
2023-05-11 18:18:43,817 [Worker-4: Building] INFO  o.a.m.s.f.DefaultMavenResourcesFiltering - Copying 0 resource from src\main\resources to target\classes
2023-05-11 18:18:43,818 [Worker-4: Building] INFO  o.a.m.s.f.DefaultMavenResourcesFiltering - skip non existing resourceDirectory D:\emp-sys-api\src\test\resources
2023-05-11 18:19:48,619 [Worker-0: Building] INFO  o.a.m.s.f.DefaultMavenResourcesFiltering - Copying 1 resource from src\main\resources to target\classes
2023-05-11 18:19:48,625 [Worker-0: Building] INFO  o.a.m.s.f.DefaultMavenResourcesFiltering - Copying 0 resource from src\main\resources to target\classes
2023-05-11 18:19:48,627 [Worker-0: Building] INFO  o.a.m.s.f.DefaultMavenResourcesFiltering - skip non existing resourceDirectory D:\emp-sys-api\src\test\resources
2023-05-11 18:21:32,227 [Worker-0: Building] INFO  o.a.m.s.f.DefaultMavenResourcesFiltering - Copying 1 resource from src\main\resources to target\classes
2023-05-11 18:21:32,232 [Worker-0: Building] INFO  o.a.m.s.f.DefaultMavenResourcesFiltering - Copying 0 resource from src\main\resources to target\classes
2023-05-11 18:21:32,234 [Worker-0: Building] INFO  o.a.m.s.f.DefaultMavenResourcesFiltering - skip non existing resourceDirectory D:\emp-sys-api\src\test\resources
2023-05-11 18:23:54,413 [Worker-7: Building] INFO  o.a.m.s.f.DefaultMavenResourcesFiltering - Copying 1 resource from src\main\resources to target\classes
2023-05-11 18:23:54,417 [Worker-7: Building] INFO  o.a.m.s.f.DefaultMavenResourcesFiltering - Copying 0 resource from src\main\resources to target\classes
2023-05-11 18:23:54,420 [Worker-7: Building] INFO  o.a.m.s.f.DefaultMavenResourcesFiltering - skip non existing resourceDirectory D:\emp-sys-api\src\test\resources
2023-05-11 18:23:58,556 [Worker-2: Building] INFO  o.a.m.s.f.DefaultMavenResourcesFiltering - Copying 1 resource from src\main\resources to target\classes
2023-05-11 18:23:58,561 [Worker-2: Building] INFO  o.a.m.s.f.DefaultMavenResourcesFiltering - Copying 0 resource from src\main\resources to target\classes
2023-05-11 18:23:58,562 [Worker-2: Building] INFO  o.a.m.s.f.DefaultMavenResourcesFiltering - skip non existing resourceDirectory D:\emp-sys-api\src\test\resources
2023-05-11 18:24:01,663 [Worker-5: Building] INFO  o.a.m.s.f.DefaultMavenResourcesFiltering - Copying 1 resource from src\main\resources to target\classes
2023-05-11 18:24:01,669 [Worker-5: Building] INFO  o.a.m.s.f.DefaultMavenResourcesFiltering - Copying 0 resource from src\main\resources to target\classes
2023-05-11 18:24:01,672 [Worker-5: Building] INFO  o.a.m.s.f.DefaultMavenResourcesFiltering - skip non existing resourceDirectory D:\emp-sys-api\src\test\resources
2023-05-11 18:24:14,595 [Worker-7: Building] INFO  o.a.m.s.f.DefaultMavenResourcesFiltering - Copying 1 resource from src\main\resources to target\classes
2023-05-11 18:24:14,600 [Worker-7: Building] INFO  o.a.m.s.f.DefaultMavenResourcesFiltering - Copying 0 resource from src\main\resources to target\classes
2023-05-11 18:24:14,602 [Worker-7: Building] INFO  o.a.m.s.f.DefaultMavenResourcesFiltering - skip non existing resourceDirectory D:\emp-sys-api\src\test\resources
2023-05-11 18:24:24,805 [Worker-4: Building] INFO  o.a.m.s.f.DefaultMavenResourcesFiltering - Copying 1 resource from src\main\resources to target\classes
2023-05-11 18:24:24,809 [Worker-4: Building] INFO  o.a.m.s.f.DefaultMavenResourcesFiltering - Copying 0 resource from src\main\resources to target\classes
2023-05-11 18:24:24,811 [Worker-4: Building] INFO  o.a.m.s.f.DefaultMavenResourcesFiltering - skip non existing resourceDirectory D:\emp-sys-api\src\test\resources
2023-05-12 14:31:33,546 [Worker-0: Loading available Gradle versions] INFO  o.e.b.c.i.u.g.PublishedGradleVersions - Gradle version information cache is up-to-date. Trying to read.
2023-05-15 15:09:25,426 [Worker-2: Loading available Gradle versions] INFO  o.e.b.c.i.u.g.PublishedGradleVersions - Gradle version information cache is out-of-date. Trying to update.
2023-05-15 15:10:39,577 [Worker-4: Building] INFO  o.a.m.s.f.DefaultMavenResourcesFiltering - Copying 1 resource from src\main\resources to target\classes
2023-05-15 15:10:39,593 [Worker-4: Building] INFO  o.a.m.s.f.DefaultMavenResourcesFiltering - Copying 0 resource from src\main\resources to target\classes
2023-05-15 15:10:39,598 [Worker-4: Building] INFO  o.a.m.s.f.DefaultMavenResourcesFiltering - skip non existing resourceDirectory D:\emp-sys-api\src\test\resources
2023-05-15 17:16:06,553 [Worker-1: Loading available Gradle versions] INFO  o.e.b.c.i.u.g.PublishedGradleVersions - Gradle version information cache is up-to-date. Trying to read.
2023-05-15 17:55:37,526 [Worker-16: Building] INFO  o.a.m.s.f.DefaultMavenResourcesFiltering - Copying 1 resource from src\main\resources to target\classes
2023-05-15 17:55:37,545 [Worker-16: Building] INFO  o.a.m.s.f.DefaultMavenResourcesFiltering - Copying 0 resource from src\main\resources to target\classes
2023-05-15 17:55:37,550 [Worker-16: Building] INFO  o.a.m.s.f.DefaultMavenResourcesFiltering - skip non existing resourceDirectory D:\emp-sys-api\src\test\resources
2023-05-15 17:56:44,947 [Worker-16: Building] INFO  o.a.m.s.f.DefaultMavenResourcesFiltering - Copying 1 resource from src\main\resources to target\classes
2023-05-15 17:56:44,953 [Worker-16: Building] INFO  o.a.m.s.f.DefaultMavenResourcesFiltering - Copying 0 resource from src\main\resources to target\classes
2023-05-15 17:56:44,955 [Worker-16: Building] INFO  o.a.m.s.f.DefaultMavenResourcesFiltering - skip non existing resourceDirectory D:\emp-sys-api\src\test\resources
2023-05-15 17:56:53,148 [Worker-12: Building] INFO  o.a.m.s.f.DefaultMavenResourcesFiltering - Copying 1 resource from src\main\resources to target\classes
2023-05-15 17:56:53,183 [Worker-12: Building] INFO  o.a.m.s.f.DefaultMavenResourcesFiltering - Copying 0 resource from src\main\resources to target\classes
2023-05-15 17:56:53,185 [Worker-12: Building] INFO  o.a.m.s.f.DefaultMavenResourcesFiltering - skip non existing resourceDirectory D:\emp-sys-api\src\test\resources
2023-05-15 17:58:55,040 [Worker-16: Building] INFO  o.a.m.s.f.DefaultMavenResourcesFiltering - Copying 1 resource from src\main\resources to target\classes
2023-05-15 17:58:55,044 [Worker-16: Building] INFO  o.a.m.s.f.DefaultMavenResourcesFiltering - Copying 0 resource from src\main\resources to target\classes
2023-05-15 17:58:55,047 [Worker-16: Building] INFO  o.a.m.s.f.DefaultMavenResourcesFiltering - skip non existing resourceDirectory D:\emp-sys-api\src\test\resources
2023-05-15 18:00:44,980 [Worker-1: Building] INFO  o.a.m.s.f.DefaultMavenResourcesFiltering - Copying 1 resource from src\main\resources to target\classes
2023-05-15 18:00:44,987 [Worker-1: Building] INFO  o.a.m.s.f.DefaultMavenResourcesFiltering - Copying 0 resource from src\main\resources to target\classes
2023-05-15 18:00:44,990 [Worker-1: Building] INFO  o.a.m.s.f.DefaultMavenResourcesFiltering - skip non existing resourceDirectory D:\emp-sys-api\src\test\resources
2023-05-15 18:01:38,908 [Worker-15: Building] INFO  o.a.m.s.f.DefaultMavenResourcesFiltering - Copying 1 resource from src\main\resources to target\classes
2023-05-15 18:01:38,913 [Worker-15: Building] INFO  o.a.m.s.f.DefaultMavenResourcesFiltering - Copying 0 resource from src\main\resources to target\classes
2023-05-15 18:01:38,915 [Worker-15: Building] INFO  o.a.m.s.f.DefaultMavenResourcesFiltering - skip non existing resourceDirectory D:\emp-sys-api\src\test\resources
2023-05-16 15:03:47,650 [Worker-5: Loading available Gradle versions] INFO  o.e.b.c.i.u.g.PublishedGradleVersions - Gradle version information cache is up-to-date. Trying to read.
2023-05-16 15:18:42,896 [Worker-15: Building] INFO  o.a.m.s.f.DefaultMavenResourcesFiltering - Copying 1 resource from src\main\resources to target\classes
2023-05-16 15:18:42,910 [Worker-15: Building] INFO  o.a.m.s.f.DefaultMavenResourcesFiltering - Copying 0 resource from src\main\resources to target\classes
2023-05-16 15:18:42,913 [Worker-15: Building] INFO  o.a.m.s.f.DefaultMavenResourcesFiltering - skip non existing resourceDirectory D:\emp-sys-api\src\test\resources
2023-05-16 15:18:53,441 [Worker-5: Building] INFO  o.a.m.s.f.DefaultMavenResourcesFiltering - Copying 1 resource from src\main\resources to target\classes
2023-05-16 15:18:53,448 [Worker-5: Building] INFO  o.a.m.s.f.DefaultMavenResourcesFiltering - Copying 0 resource from src\main\resources to target\classes
2023-05-16 15:18:53,451 [Worker-5: Building] INFO  o.a.m.s.f.DefaultMavenResourcesFiltering - skip non existing resourceDirectory D:\emp-sys-api\src\test\resources
2023-05-16 15:20:59,766 [Worker-14: Building] INFO  o.a.m.s.f.DefaultMavenResourcesFiltering - Copying 1 resource from src\main\resources to target\classes
2023-05-16 15:20:59,868 [Worker-14: Building] INFO  o.a.m.s.f.DefaultMavenResourcesFiltering - Copying 0 resource from src\main\resources to target\classes
2023-05-16 15:20:59,891 [Worker-14: Building] INFO  o.a.m.s.f.DefaultMavenResourcesFiltering - skip non existing resourceDirectory D:\emp-sys-api\src\test\resources
2023-05-16 15:21:51,290 [Worker-5: Building] INFO  o.a.m.s.f.DefaultMavenResourcesFiltering - Copying 1 resource from src\main\resources to target\classes
2023-05-16 15:21:51,295 [Worker-5: Building] INFO  o.a.m.s.f.DefaultMavenResourcesFiltering - Copying 0 resource from src\main\resources to target\classes
2023-05-16 15:21:51,297 [Worker-5: Building] INFO  o.a.m.s.f.DefaultMavenResourcesFiltering - skip non existing resourceDirectory D:\emp-sys-api\src\test\resources
2023-05-16 15:25:38,656 [Worker-9: Building] INFO  o.a.m.s.f.DefaultMavenResourcesFiltering - Copying 1 resource from src\main\resources to target\classes
2023-05-16 15:25:38,662 [Worker-9: Building] INFO  o.a.m.s.f.DefaultMavenResourcesFiltering - Copying 0 resource from src\main\resources to target\classes
2023-05-16 15:25:38,664 [Worker-9: Building] INFO  o.a.m.s.f.DefaultMavenResourcesFiltering - skip non existing resourceDirectory D:\emp-sys-api\src\test\resources
2023-05-16 15:25:40,819 [Worker-13: Building] INFO  o.a.m.s.f.DefaultMavenResourcesFiltering - Copying 1 resource from src\main\resources to target\classes
2023-05-16 15:25:40,824 [Worker-13: Building] INFO  o.a.m.s.f.DefaultMavenResourcesFiltering - Copying 0 resource from src\main\resources to target\classes
2023-05-16 15:25:40,826 [Worker-13: Building] INFO  o.a.m.s.f.DefaultMavenResourcesFiltering - skip non existing resourceDirectory D:\emp-sys-api\src\test\resources
2023-05-16 15:26:04,261 [Worker-15: Building] INFO  o.a.m.s.f.DefaultMavenResourcesFiltering - Copying 1 resource from src\main\resources to target\classes
2023-05-16 15:26:04,261 [Worker-15: Building] INFO  o.a.m.s.f.DefaultMavenResourcesFiltering - Copying 0 resource from src\main\resources to target\classes
2023-05-16 15:26:04,269 [Worker-15: Building] INFO  o.a.m.s.f.DefaultMavenResourcesFiltering - skip non existing resourceDirectory D:\emp-sys-api\src\test\resources
2023-05-16 15:28:32,351 [Worker-15: Building] INFO  o.a.m.s.f.DefaultMavenResourcesFiltering - Copying 1 resource from src\main\resources to target\classes
2023-05-16 15:28:32,358 [Worker-15: Building] INFO  o.a.m.s.f.DefaultMavenResourcesFiltering - Copying 0 resource from src\main\resources to target\classes
2023-05-16 15:28:32,369 [Worker-15: Building] INFO  o.a.m.s.f.DefaultMavenResourcesFiltering - skip non existing resourceDirectory D:\emp-sys-api\src\test\resources
2023-05-16 15:29:21,065 [Worker-13: Building] INFO  o.a.m.s.f.DefaultMavenResourcesFiltering - Copying 1 resource from src\main\resources to target\classes
2023-05-16 15:29:21,070 [Worker-13: Building] INFO  o.a.m.s.f.DefaultMavenResourcesFiltering - Copying 0 resource from src\main\resources to target\classes
2023-05-16 15:29:21,072 [Worker-13: Building] INFO  o.a.m.s.f.DefaultMavenResourcesFiltering - skip non existing resourceDirectory D:\emp-sys-api\src\test\resources
2023-05-16 15:29:49,441 [Worker-2: Building] INFO  o.a.m.s.f.DefaultMavenResourcesFiltering - Copying 1 resource from src\main\resources to target\classes
2023-05-16 15:29:49,447 [Worker-2: Building] INFO  o.a.m.s.f.DefaultMavenResourcesFiltering - Copying 0 resource from src\main\resources to target\classes
2023-05-16 15:29:49,451 [Worker-2: Building] INFO  o.a.m.s.f.DefaultMavenResourcesFiltering - skip non existing resourceDirectory D:\emp-sys-api\src\test\resources
2023-05-16 22:16:47,854 [Worker-0: Loading available Gradle versions] INFO  o.e.b.c.i.u.g.PublishedGradleVersions - Gradle version information cache is out-of-date. Trying to update.
